# JRE version: Java(TM) SE Runtime Environment (8.0_231-b11) (build 1.8.0_231-b11)
# Java VM: Java HotSpot(TM) 64-Bit Server VM (25.231-b11 mixed mode windows-amd64 compressed oops)
Heap:
 PSYoungGen      total 256000K, used 107998K [0x00000000eb580000, 0x00000000fe280000, 0x0000000100000000)
  eden space 249344K, 40% used [0x00000000eb580000,0x00000000f18b7740,0x00000000fa900000)
  from space 6656K, 96% used [0x00000000fb380000,0x00000000fb9c03c0,0x00000000fba00000)
  to   space 27136K, 0% used [0x00000000fc800000,0x00000000fc800000,0x00000000fe280000)
 ParOldGen       total 150528K, used 67190K [0x00000000c2000000, 0x00000000cb300000, 0x00000000eb580000)
  object space 150528K, 44% used [0x00000000c2000000,0x00000000c619d920,0x00000000cb300000)
 Metaspace       used 29144K, capacity 30112K, committed 30336K, reserved 1075200K
  class space    used 3433K, capacity 3671K, committed 3712K, reserved 1048576K
GC Heap History (10 events):
Event: 52.176 GC heap before
{Heap before GC invocations=35 (full 4):
 PSYoungGen      total 297472K, used 272278K [0x00000000eb580000, 0x00000000ffb80000, 0x0000000100000000)
  eden space 265216K, 100% used [0x00000000eb580000,0x00000000fb880000,0x00000000fb880000)
  from space 32256K, 21% used [0x00000000fdc00000,0x00000000fe2e5878,0x00000000ffb80000)
  to   space 34304K, 0% used [0x00000000fb880000,0x00000000fb880000,0x00000000fda00000)
 ParOldGen       total 150528K, used 67174K [0x00000000c2000000, 0x00000000cb300000, 0x00000000eb580000)
  object space 150528K, 44% used [0x00000000c2000000,0x00000000c6199920,0x00000000cb300000)
 Metaspace       used 29086K, capacity 30024K, committed 30080K, reserved 1075200K
  class space    used 3429K, capacity 3667K, committed 3712K, reserved 1048576K
Event: 52.179 GC heap after
Heap after GC invocations=35 (full 4):
 PSYoungGen      total 299520K, used 6562K [0x00000000eb580000, 0x00000000fff00000, 0x0000000100000000)
  eden space 265216K, 0% used [0x00000000eb580000,0x00000000eb580000,0x00000000fb880000)
  from space 34304K, 19% used [0x00000000fb880000,0x00000000fbee8840,0x00000000fda00000)
  to   space 32768K, 0% used [0x00000000fdf00000,0x00000000fdf00000,0x00000000fff00000)
 ParOldGen       total 150528K, used 67182K [0x00000000c2000000, 0x00000000cb300000, 0x00000000eb580000)
  object space 150528K, 44% used [0x00000000c2000000,0x00000000c619b920,0x00000000cb300000)
 Metaspace       used 29086K, capacity 30024K, committed 30080K, reserved 1075200K
  class space    used 3429K, capacity 3667K, committed 3712K, reserved 1048576K
}
Event: 67.688 GC heap before
{Heap before GC invocations=36 (full 4):
 PSYoungGen      total 299520K, used 271778K [0x00000000eb580000, 0x00000000fff00000, 0x0000000100000000)
  eden space 265216K, 100% used [0x00000000eb580000,0x00000000fb880000,0x00000000fb880000)
  from space 34304K, 19% used [0x00000000fb880000,0x00000000fbee8840,0x00000000fda00000)
  to   space 32768K, 0% used [0x00000000fdf00000,0x00000000fdf00000,0x00000000fff00000)
 ParOldGen       total 150528K, used 67182K [0x00000000c2000000, 0x00000000cb300000, 0x00000000eb580000)
  object space 150528K, 44% used [0x00000000c2000000,0x00000000c619b920,0x00000000cb300000)
 Metaspace       used 29086K, capacity 30024K, committed 30080K, reserved 1075200K
  class space    used 3429K, capacity 3667K, committed 3712K, reserved 1048576K
Event: 67.692 GC heap after
Heap after GC invocations=36 (full 4):
 PSYoungGen      total 300544K, used 6497K [0x00000000eb580000, 0x00000000ffb80000, 0x0000000100000000)
  eden space 271360K, 0% used [0x00000000eb580000,0x00000000eb580000,0x00000000fbe80000)
  from space 29184K, 22% used [0x00000000fdf00000,0x00000000fe5587c0,0x00000000ffb80000)
  to   space 31232K, 0% used [0x00000000fbe80000,0x00000000fbe80000,0x00000000fdd00000)
 ParOldGen       total 150528K, used 67190K [0x00000000c2000000, 0x00000000cb300000, 0x00000000eb580000)
  object space 150528K, 44% used [0x00000000c2000000,0x00000000c619d920,0x00000000cb300000)
 Metaspace       used 29086K, capacity 30024K, committed 30080K, reserved 1075200K
  class space    used 3429K, capacity 3667K, committed 3712K, reserved 1048576K
}
Event: 82.214 GC heap before
{Heap before GC invocations=37 (full 4):
 PSYoungGen      total 300544K, used 277857K [0x00000000eb580000, 0x00000000ffb80000, 0x0000000100000000)
  eden space 271360K, 100% used [0x00000000eb580000,0x00000000fbe80000,0x00000000fbe80000)
  from space 29184K, 22% used [0x00000000fdf00000,0x00000000fe5587c0,0x00000000ffb80000)
  to   space 31232K, 0% used [0x00000000fbe80000,0x00000000fbe80000,0x00000000fdd00000)
 ParOldGen       total 150528K, used 67190K [0x00000000c2000000, 0x00000000cb300000, 0x00000000eb580000)
  object space 150528K, 44% used [0x00000000c2000000,0x00000000c619d920,0x00000000cb300000)
 Metaspace       used 29088K, capacity 30024K, committed 30080K, reserved 1075200K
  class space    used 3429K, capacity 3667K, committed 3712K, reserved 1048576K
Event: 82.218 GC heap after
Heap after GC invocations=37 (full 4):
 PSYoungGen      total 302592K, used 6422K [0x00000000eb580000, 0x00000000fff00000, 0x0000000100000000)
  eden space 271360K, 0% used [0x00000000eb580000,0x00000000eb580000,0x00000000fbe80000)
  from space 31232K, 20% used [0x00000000fbe80000,0x00000000fc4c5bf0,0x00000000fdd00000)
  to   space 29696K, 0% used [0x00000000fe200000,0x00000000fe200000,0x00000000fff00000)
 ParOldGen       total 150528K, used 67190K [0x00000000c2000000, 0x00000000cb300000, 0x00000000eb580000)
  object space 150528K, 44% used [0x00000000c2000000,0x00000000c619d920,0x00000000cb300000)
 Metaspace       used 29088K, capacity 30024K, committed 30080K, reserved 1075200K
  class space    used 3429K, capacity 3667K, committed 3712K, reserved 1048576K
}
Event: 95.497 GC heap before
{Heap before GC invocations=38 (full 4):
 PSYoungGen      total 302592K, used 277782K [0x00000000eb580000, 0x00000000fff00000, 0x0000000100000000)
  eden space 271360K, 100% used [0x00000000eb580000,0x00000000fbe80000,0x00000000fbe80000)
  from space 31232K, 20% used [0x00000000fbe80000,0x00000000fc4c5bf0,0x00000000fdd00000)
  to   space 29696K, 0% used [0x00000000fe200000,0x00000000fe200000,0x00000000fff00000)
 ParOldGen       total 150528K, used 67190K [0x00000000c2000000, 0x00000000cb300000, 0x00000000eb580000)
  object space 150528K, 44% used [0x00000000c2000000,0x00000000c619d920,0x00000000cb300000)
 Metaspace       used 29090K, capacity 30024K, committed 30080K, reserved 1075200K
  class space    used 3429K, capacity 3667K, committed 3712K, reserved 1048576K
Event: 95.501 GC heap after
Heap after GC invocations=38 (full 4):
 PSYoungGen      total 269824K, used 6420K [0x00000000eb580000, 0x00000000feb80000, 0x0000000100000000)
  eden space 260096K, 0% used [0x00000000eb580000,0x00000000eb580000,0x00000000fb380000)
  from space 9728K, 66% used [0x00000000fe200000,0x00000000fe8452d0,0x00000000feb80000)
  to   space 28672K, 0% used [0x00000000fb380000,0x00000000fb380000,0x00000000fcf80000)
 ParOldGen       total 150528K, used 67190K [0x00000000c2000000, 0x00000000cb300000, 0x00000000eb580000)
  object space 150528K, 44% used [0x00000000c2000000,0x00000000c619d920,0x00000000cb300000)
 Metaspace       used 29090K, capacity 30024K, committed 30080K, reserved 1075200K
  class space    used 3429K, capacity 3667K, committed 3712K, reserved 1048576K
}
Event: 108.777 GC heap before
{Heap before GC invocations=39 (full 4):
 PSYoungGen      total 269824K, used 266516K [0x00000000eb580000, 0x00000000feb80000, 0x0000000100000000)
  eden space 260096K, 100% used [0x00000000eb580000,0x00000000fb380000,0x00000000fb380000)
  from space 9728K, 66% used [0x00000000fe200000,0x00000000fe8452d0,0x00000000feb80000)
  to   space 28672K, 0% used [0x00000000fb380000,0x00000000fb380000,0x00000000fcf80000)
 ParOldGen       total 150528K, used 67190K [0x00000000c2000000, 0x00000000cb300000, 0x00000000eb580000)
  object space 150528K, 44% used [0x00000000c2000000,0x00000000c619d920,0x00000000cb300000)
 Metaspace       used 29090K, capacity 30024K, committed 30080K, reserved 1075200K
  class space    used 3429K, capacity 3667K, committed 3712K, reserved 1048576K
Event: 108.782 GC heap after
Heap after GC invocations=39 (full 4):
 PSYoungGen      total 256000K, used 6400K [0x00000000eb580000, 0x00000000fe280000, 0x0000000100000000)
  eden space 249344K, 0% used [0x00000000eb580000,0x00000000eb580000,0x00000000fa900000)
  from space 6656K, 96% used [0x00000000fb380000,0x00000000fb9c03c0,0x00000000fba00000)
  to   space 27136K, 0% used [0x00000000fc800000,0x00000000fc800000,0x00000000fe280000)
 ParOldGen       total 150528K, used 67190K [0x00000000c2000000, 0x00000000cb300000, 0x00000000eb580000)
  object space 150528K, 44% used [0x00000000c2000000,0x00000000c619d920,0x00000000cb300000)
 Metaspace       used 29090K, capacity 30024K, committed 30080K, reserved 1075200K
  class space    used 3429K, capacity 3667K, committed 3712K, reserved 1048576K
}

