# JRE version: Java(TM) SE Runtime Environment (8.0_231-b11) (build 1.8.0_231-b11)
# Java VM: Java HotSpot(TM) 64-Bit Server VM (25.231-b11 mixed mode windows-amd64 compressed oops)
Heap:
 PSYoungGen      total 232960K, used 44683K [0x00000000eb580000, 0x00000000fae00000, 0x0000000100000000)
  eden space 218624K, 20% used [0x00000000eb580000,0x00000000ee0cce20,0x00000000f8b00000)
  from space 14336K, 2% used [0x00000000fa000000,0x00000000fa056048,0x00000000fae00000)
  to   space 17920K, 0% used [0x00000000f8b00000,0x00000000f8b00000,0x00000000f9c80000)
 ParOldGen       total 62464K, used 47497K [0x00000000c2000000, 0x00000000c5d00000, 0x00000000eb580000)
  object space 62464K, 76% used [0x00000000c2000000,0x00000000c4e62740,0x00000000c5d00000)
 Metaspace       used 35113K, capacity 36158K, committed 36272K, reserved 1081344K
  class space    used 4425K, capacity 4682K, committed 4784K, reserved 1048576K
GC Heap History (10 events):
Event: 109.040 GC heap before
{Heap before GC invocations=16 (full 2):
 PSYoungGen      total 134656K, used 10226K [0x00000000eb580000, 0x00000000f5680000, 0x0000000100000000)
  eden space 124416K, 0% used [0x00000000eb580000,0x00000000eb580000,0x00000000f2f00000)
  from space 10240K, 99% used [0x00000000f3f80000,0x00000000f497c8c0,0x00000000f4980000)
  to   space 16896K, 0% used [0x00000000f2f00000,0x00000000f2f00000,0x00000000f3f80000)
 ParOldGen       total 33280K, used 27135K [0x00000000c2000000, 0x00000000c4080000, 0x00000000eb580000)
  object space 33280K, 81% used [0x00000000c2000000,0x00000000c3a7fc98,0x00000000c4080000)
 Metaspace       used 31454K, capacity 32408K, committed 32560K, reserved 1077248K
  class space    used 4137K, capacity 4379K, committed 4400K, reserved 1048576K
Event: 109.117 GC heap after
Heap after GC invocations=16 (full 2):
 PSYoungGen      total 134656K, used 2392K [0x00000000eb580000, 0x00000000f5680000, 0x0000000100000000)
  eden space 124416K, 0% used [0x00000000eb580000,0x00000000eb580000,0x00000000f2f00000)
  from space 10240K, 23% used [0x00000000f3f80000,0x00000000f41d63e0,0x00000000f4980000)
  to   space 16896K, 0% used [0x00000000f2f00000,0x00000000f2f00000,0x00000000f3f80000)
 ParOldGen       total 62464K, used 32841K [0x00000000c2000000, 0x00000000c5d00000, 0x00000000eb580000)
  object space 62464K, 52% used [0x00000000c2000000,0x00000000c4012438,0x00000000c5d00000)
 Metaspace       used 31417K, capacity 32348K, committed 32560K, reserved 1077248K
  class space    used 4132K, capacity 4369K, committed 4400K, reserved 1048576K
}
Event: 110.667 GC heap before
{Heap before GC invocations=17 (full 2):
 PSYoungGen      total 134656K, used 126808K [0x00000000eb580000, 0x00000000f5680000, 0x0000000100000000)
  eden space 124416K, 100% used [0x00000000eb580000,0x00000000f2f00000,0x00000000f2f00000)
  from space 10240K, 23% used [0x00000000f3f80000,0x00000000f41d63e0,0x00000000f4980000)
  to   space 16896K, 0% used [0x00000000f2f00000,0x00000000f2f00000,0x00000000f3f80000)
 ParOldGen       total 62464K, used 33369K [0x00000000c2000000, 0x00000000c5d00000, 0x00000000eb580000)
  object space 62464K, 53% used [0x00000000c2000000,0x00000000c4096450,0x00000000c5d00000)
 Metaspace       used 32977K, capacity 33880K, committed 33968K, reserved 1079296K
  class space    used 4300K, capacity 4525K, committed 4528K, reserved 1048576K
Event: 110.679 GC heap after
Heap after GC invocations=17 (full 2):
 PSYoungGen      total 141312K, used 12775K [0x00000000eb580000, 0x00000000f8a00000, 0x0000000100000000)
  eden space 124416K, 0% used [0x00000000eb580000,0x00000000eb580000,0x00000000f2f00000)
  from space 16896K, 75% used [0x00000000f2f00000,0x00000000f3b79c68,0x00000000f3f80000)
  to   space 18432K, 0% used [0x00000000f7800000,0x00000000f7800000,0x00000000f8a00000)
 ParOldGen       total 62464K, used 35574K [0x00000000c2000000, 0x00000000c5d00000, 0x00000000eb580000)
  object space 62464K, 56% used [0x00000000c2000000,0x00000000c42bdad8,0x00000000c5d00000)
 Metaspace       used 32977K, capacity 33880K, committed 33968K, reserved 1079296K
  class space    used 4300K, capacity 4525K, committed 4528K, reserved 1048576K
}
Event: 115.374 GC heap before
{Heap before GC invocations=18 (full 2):
 PSYoungGen      total 141312K, used 137191K [0x00000000eb580000, 0x00000000f8a00000, 0x0000000100000000)
  eden space 124416K, 100% used [0x00000000eb580000,0x00000000f2f00000,0x00000000f2f00000)
  from space 16896K, 75% used [0x00000000f2f00000,0x00000000f3b79c68,0x00000000f3f80000)
  to   space 18432K, 0% used [0x00000000f7800000,0x00000000f7800000,0x00000000f8a00000)
 ParOldGen       total 62464K, used 35574K [0x00000000c2000000, 0x00000000c5d00000, 0x00000000eb580000)
  object space 62464K, 56% used [0x00000000c2000000,0x00000000c42bdad8,0x00000000c5d00000)
 Metaspace       used 34492K, capacity 35438K, committed 35632K, reserved 1081344K
  class space    used 4385K, capacity 4600K, committed 4656K, reserved 1048576K
Event: 115.382 GC heap after
Heap after GC invocations=18 (full 2):
 PSYoungGen      total 190976K, used 9902K [0x00000000eb580000, 0x00000000f8680000, 0x0000000100000000)
  eden space 176128K, 0% used [0x00000000eb580000,0x00000000eb580000,0x00000000f6180000)
  from space 14848K, 66% used [0x00000000f7800000,0x00000000f81aba40,0x00000000f8680000)
  to   space 18944K, 0% used [0x00000000f6180000,0x00000000f6180000,0x00000000f7400000)
 ParOldGen       total 62464K, used 38764K [0x00000000c2000000, 0x00000000c5d00000, 0x00000000eb580000)
  object space 62464K, 62% used [0x00000000c2000000,0x00000000c45db238,0x00000000c5d00000)
 Metaspace       used 34492K, capacity 35438K, committed 35632K, reserved 1081344K
  class space    used 4385K, capacity 4600K, committed 4656K, reserved 1048576K
}
Event: 115.838 GC heap before
{Heap before GC invocations=19 (full 2):
 PSYoungGen      total 190976K, used 186030K [0x00000000eb580000, 0x00000000f8680000, 0x0000000100000000)
  eden space 176128K, 100% used [0x00000000eb580000,0x00000000f6180000,0x00000000f6180000)
  from space 14848K, 66% used [0x00000000f7800000,0x00000000f81aba40,0x00000000f8680000)
  to   space 18944K, 0% used [0x00000000f6180000,0x00000000f6180000,0x00000000f7400000)
 ParOldGen       total 62464K, used 38764K [0x00000000c2000000, 0x00000000c5d00000, 0x00000000eb580000)
  object space 62464K, 62% used [0x00000000c2000000,0x00000000c45db238,0x00000000c5d00000)
 Metaspace       used 34755K, capacity 35782K, committed 35888K, reserved 1081344K
  class space    used 4419K, capacity 4646K, committed 4656K, reserved 1048576K
Event: 115.844 GC heap after
Heap after GC invocations=19 (full 2):
 PSYoungGen      total 195072K, used 2950K [0x00000000eb580000, 0x00000000fb180000, 0x0000000100000000)
  eden space 176128K, 0% used [0x00000000eb580000,0x00000000eb580000,0x00000000f6180000)
  from space 18944K, 15% used [0x00000000f6180000,0x00000000f64618a0,0x00000000f7400000)
  to   space 17920K, 0% used [0x00000000fa000000,0x00000000fa000000,0x00000000fb180000)
 ParOldGen       total 62464K, used 44801K [0x00000000c2000000, 0x00000000c5d00000, 0x00000000eb580000)
  object space 62464K, 71% used [0x00000000c2000000,0x00000000c4bc0740,0x00000000c5d00000)
 Metaspace       used 34755K, capacity 35782K, committed 35888K, reserved 1081344K
  class space    used 4419K, capacity 4646K, committed 4656K, reserved 1048576K
}
Event: 116.052 GC heap before
{Heap before GC invocations=20 (full 2):
 PSYoungGen      total 195072K, used 179078K [0x00000000eb580000, 0x00000000fb180000, 0x0000000100000000)
  eden space 176128K, 100% used [0x00000000eb580000,0x00000000f6180000,0x00000000f6180000)
  from space 18944K, 15% used [0x00000000f6180000,0x00000000f64618a0,0x00000000f7400000)
  to   space 17920K, 0% used [0x00000000fa000000,0x00000000fa000000,0x00000000fb180000)
 ParOldGen       total 62464K, used 44801K [0x00000000c2000000, 0x00000000c5d00000, 0x00000000eb580000)
  object space 62464K, 71% used [0x00000000c2000000,0x00000000c4bc0740,0x00000000c5d00000)
 Metaspace       used 34761K, capacity 35782K, committed 35888K, reserved 1081344K
  class space    used 4419K, capacity 4646K, committed 4656K, reserved 1048576K
Event: 116.054 GC heap after
Heap after GC invocations=20 (full 2):
 PSYoungGen      total 232960K, used 344K [0x00000000eb580000, 0x00000000fae00000, 0x0000000100000000)
  eden space 218624K, 0% used [0x00000000eb580000,0x00000000eb580000,0x00000000f8b00000)
  from space 14336K, 2% used [0x00000000fa000000,0x00000000fa056048,0x00000000fae00000)
  to   space 17920K, 0% used [0x00000000f8b00000,0x00000000f8b00000,0x00000000f9c80000)
 ParOldGen       total 62464K, used 47497K [0x00000000c2000000, 0x00000000c5d00000, 0x00000000eb580000)
  object space 62464K, 76% used [0x00000000c2000000,0x00000000c4e62740,0x00000000c5d00000)
 Metaspace       used 34761K, capacity 35782K, committed 35888K, reserved 1081344K
  class space    used 4419K, capacity 4646K, committed 4656K, reserved 1048576K
}

